kwinto-cuda  (deeba37, 2023-06-15 17:30:08 +0200)

Command-Line Arguments
    --call: false
    --cpu32: true
    --cpu64: true
    --cuda-n: "8"
    --cuda-x: "128"
    --gpu32: true
    --gpu64: true
    --put: false
    --ql64: false
    -b: "4096"
    -e: "0.5"
    -n: "8"
    -t: "1024"
    -v: true
    -x: "1024"
    <portfolio>: "test/portfolio.csv"
    bench: true

Devices Info #0
    Name:                 NVIDIA GeForce GTX 1070
    Integrated:           0

    Total SM:             15
    Clock Rate:           1771.5 MHz
    32-bit Regs (per SM): 65536
    Max Blocks (per SM):  32
    Max Threads (per SM): 2048

    Total Memory:         8191 MB
    Memory Clock Rate:    4004 MHz
    Memory Bus Width:     256 bits
    Peak Bandwidth:       256.256 GB/s

Portfolio
    Assets     : 154951
    Batch count: 8
    Batch size : 4096

Benchmark for Fd1d<float>::solve
    funCall : 8 times
    totTime : 413500.399 ms
    avgTime : 51687.550 ms
    stdTime : 551.612 ms
    minTime : 50749.456 ms
    maxTime : 52348.293 ms

Errors for Fd1d<float>::solve
       RMSE : 2.051e-02
      RRMSE : 3.550e-04
        MAE : 2.119e-01
        MRE : 2.165e-03
      total : 32768 options

Benchmark for Fd1d_Gpu<float>::solve
    funCall : 8 times
    totTime : 22817.482 ms
    avgTime : 2852.185 ms
    stdTime : 57.792 ms
    minTime : 2775.617 ms
    maxTime : 2947.663 ms

Errors for Fd1d_Gpu<float>::solve
       RMSE : 1.275e-02
      RRMSE : 2.435e-04
        MAE : 2.199e-01
        MRE : 2.010e-03
      total : 32768 options

Benchmark for Fd1d<double>::solve
    funCall : 8 times
    totTime : 618047.678 ms
    avgTime : 77255.960 ms
    stdTime : 703.784 ms
    minTime : 76069.828 ms
    maxTime : 78632.044 ms

Errors for Fd1d<double>::solve
       RMSE : 2.937e-04
      RRMSE : 1.711e-05
        MAE : 2.692e-03
        MRE : 3.814e-04
      total : 32768 options

Benchmark for Fd1d_Gpu<double>::solve
    funCall : 8 times
    totTime : 39018.086 ms
    avgTime : 4877.261 ms
    stdTime : 66.976 ms
    minTime : 4835.492 ms
    maxTime : 5051.705 ms

Errors for Fd1d_Gpu<double>::solve
       RMSE : 2.937e-04
      RRMSE : 1.711e-05
        MAE : 2.692e-03
        MRE : 3.814e-04
      total : 32768 options

