kwinto-cuda  (deeba37, 2023-06-15 17:30:08 +0200)

Command-Line Arguments
    --call: false
    --cpu32: true
    --cpu64: true
    --cuda-n: "8"
    --cuda-x: "128"
    --gpu32: true
    --gpu64: true
    --put: false
    --ql64: false
    -b: "4096"
    -e: "0.5"
    -n: "8"
    -t: "512"
    -v: true
    -x: "512"
    <portfolio>: "test/portfolio.csv"
    bench: true

Devices Info #0
    Name:                 NVIDIA GeForce GTX 1070
    Integrated:           0

    Total SM:             15
    Clock Rate:           1771.5 MHz
    32-bit Regs (per SM): 65536
    Max Blocks (per SM):  32
    Max Threads (per SM): 2048

    Total Memory:         8191 MB
    Memory Clock Rate:    4004 MHz
    Memory Bus Width:     256 bits
    Peak Bandwidth:       256.256 GB/s

Portfolio
    Assets     : 154951
    Batch count: 8
    Batch size : 4096

Benchmark for Fd1d<float>::solve
    funCall : 8 times
    totTime : 122333.827 ms
    avgTime : 15291.728 ms
    stdTime : 134.144 ms
    minTime : 15163.929 ms
    maxTime : 15464.869 ms

Errors for Fd1d<float>::solve
       RMSE : 5.737e-03
      RRMSE : 1.061e-04
        MAE : 6.811e-02
        MRE : 7.284e-04
      total : 32768 options

Benchmark for Fd1d_Gpu<float>::solve
    funCall : 8 times
    totTime : 6206.025 ms
    avgTime : 775.753 ms
    stdTime : 11.563 ms
    minTime : 766.554 ms
    maxTime : 804.577 ms

Errors for Fd1d_Gpu<float>::solve
       RMSE : 4.028e-03
      RRMSE : 8.376e-05
        MAE : 5.095e-02
        MRE : 7.439e-04
      total : 32768 options

Benchmark for Fd1d<double>::solve
    funCall : 8 times
    totTime : 118919.847 ms
    avgTime : 14864.981 ms
    stdTime : 120.121 ms
    minTime : 14775.749 ms
    maxTime : 15089.349 ms

Errors for Fd1d<double>::solve
       RMSE : 6.741e-04
      RRMSE : 4.772e-05
        MAE : 5.431e-03
        MRE : 7.516e-04
      total : 32768 options

Benchmark for Fd1d_Gpu<double>::solve
    funCall : 8 times
    totTime : 10649.601 ms
    avgTime : 1331.200 ms
    stdTime : 75.420 ms
    minTime : 1297.513 ms
    maxTime : 1530.520 ms

Errors for Fd1d_Gpu<double>::solve
       RMSE : 6.741e-04
      RRMSE : 4.772e-05
        MAE : 5.431e-03
        MRE : 7.516e-04
      total : 32768 options

