kwinto-cuda  (ad348f7+, 2023-08-15 20:16:29 +0200)

Command-Line Arguments
    --call: false
    --cpu32: true
    --cpu64: true
    --cuda-n: "8"
    --cuda-x: "128"
    --gpu32: true
    --gpu64: true
    --put: false
    --ql64: false
    -b: "16384"
    -e: "0.5"
    -n: "8"
    -t: "1024"
    -v: true
    -x: "1024"
    <portfolio>: "test/portfolio.csv"
    bench: true

Devices Info #0
    Name:                 NVIDIA GeForce GTX 1070
    Integrated:           0

    Total SM:             15
    Clock Rate:           1771.5 MHz
    32-bit Regs (per SM): 65536
    Max Blocks (per SM):  32
    Max Threads (per SM): 2048

    Total Memory:         8191 MB
    Memory Clock Rate:    4004 MHz
    Memory Bus Width:     256 bits
    Peak Bandwidth:       256.256 GB/s

Portfolio
    Assets     : 154951
    Batch count: 8
    Batch size : 16384

Benchmark for Fd1d<float>::solve
    funCall : 8 times
    totTime : 195841.297 ms
    avgTime : 24480.162 ms
    stdTime : 29.004 ms
    minTime : 24412.590 ms
    maxTime : 24504.001 ms

Errors for Fd1d<float>::solve
       RMSE : 3.648e-02
      RRMSE : 4.990e-04
        MAE : 4.283e-01
        MRE : 3.313e-03
      total : 131072 options

Benchmark for Fd1d_Gpu<float>::solve
    funCall : 8 times
    totTime : 79841.784 ms
    avgTime : 9980.223 ms
    stdTime : 61.946 ms
    minTime : 9905.753 ms
    maxTime : 10093.868 ms

Errors for Fd1d_Gpu<float>::solve
       RMSE : 2.225e-02
      RRMSE : 3.285e-04
        MAE : 2.942e-01
        MRE : 2.196e-03
      total : 131072 options

Benchmark for Fd1d<double>::solve
    funCall : 8 times
    totTime : 255063.295 ms
    avgTime : 31882.912 ms
    stdTime : 30.458 ms
    minTime : 31836.854 ms
    maxTime : 31935.468 ms

Errors for Fd1d<double>::solve
       RMSE : 1.100e-03
      RRMSE : 3.522e-05
        MAE : 1.487e-02
        MRE : 1.107e-03
      total : 131072 options

Benchmark for Fd1d_Gpu<double>::solve
    funCall : 8 times
    totTime : 142597.548 ms
    avgTime : 17824.694 ms
    stdTime : 99.646 ms
    minTime : 17714.264 ms
    maxTime : 17992.136 ms

Errors for Fd1d_Gpu<double>::solve
       RMSE : 1.100e-03
      RRMSE : 3.522e-05
        MAE : 1.487e-02
        MRE : 1.107e-03
      total : 131072 options

