kwinto-cuda  (deeba37, 2023-06-15 17:30:08 +0200)

Command-Line Arguments
    --call: false
    --cpu32: true
    --cpu64: true
    --cuda-n: "8"
    --cuda-x: "128"
    --gpu32: true
    --gpu64: true
    --put: false
    --ql64: false
    -b: "32768"
    -e: "0.5"
    -n: "4"
    -t: "512"
    -v: true
    -x: "512"
    <portfolio>: "test/portfolio.csv"
    bench: true

Devices Info #0
    Name:                 NVIDIA GeForce GTX 1070
    Integrated:           0

    Total SM:             15
    Clock Rate:           1771.5 MHz
    32-bit Regs (per SM): 65536
    Max Blocks (per SM):  32
    Max Threads (per SM): 2048

    Total Memory:         8191 MB
    Memory Clock Rate:    4004 MHz
    Memory Bus Width:     256 bits
    Peak Bandwidth:       256.256 GB/s

Portfolio
    Assets     : 154951
    Batch count: 4
    Batch size : 32768

Benchmark for Fd1d<float>::solve
    funCall : 4 times
    totTime : 509758.612 ms
    avgTime : 127439.653 ms
    stdTime : 210.417 ms
    minTime : 127247.275 ms
    maxTime : 127764.705 ms

Errors for Fd1d<float>::solve
       RMSE : 1.055e-02
      RRMSE : 1.643e-04
        MAE : 1.298e-01
        MRE : 2.190e-03
      total : 131072 options

Benchmark for Fd1d_Gpu<float>::solve
    funCall : 4 times
    totTime : 22810.084 ms
    avgTime : 5702.521 ms
    stdTime : 33.444 ms
    minTime : 5667.076 ms
    maxTime : 5755.110 ms

Errors for Fd1d_Gpu<float>::solve
       RMSE : 7.022e-03
      RRMSE : 1.293e-04
        MAE : 8.857e-02
        MRE : 2.227e-03
      total : 131072 options

Benchmark for Fd1d<double>::solve
    funCall : 4 times
    totTime : 718916.646 ms
    avgTime : 179729.162 ms
    stdTime : 159.374 ms
    minTime : 179501.030 ms
    maxTime : 179887.471 ms

Errors for Fd1d<double>::solve
       RMSE : 3.026e-03
      RRMSE : 9.189e-05
        MAE : 5.326e-02
        MRE : 2.203e-03
      total : 131072 options

Benchmark for Fd1d_Gpu<double>::solve
    funCall : 4 times
    totTime : 36208.760 ms
    avgTime : 9052.190 ms
    stdTime : 119.598 ms
    minTime : 8977.412 ms
    maxTime : 9259.153 ms

Errors for Fd1d_Gpu<double>::solve
       RMSE : 3.026e-03
      RRMSE : 9.189e-05
        MAE : 5.326e-02
        MRE : 2.203e-03
      total : 131072 options

