kwinto-cuda  (ad348f7+, 2023-08-15 20:16:29 +0200)

Command-Line Arguments
    --call: false
    --cpu32: true
    --cpu64: true
    --cuda-n: "8"
    --cuda-x: "128"
    --gpu32: true
    --gpu64: true
    --put: false
    --ql64: false
    -b: "512"
    -e: "0.5"
    -n: "8"
    -t: "512"
    -v: true
    -x: "512"
    <portfolio>: "test/portfolio.csv"
    bench: true

Devices Info #0
    Name:                 NVIDIA GeForce GTX 1070
    Integrated:           0

    Total SM:             15
    Clock Rate:           1771.5 MHz
    32-bit Regs (per SM): 65536
    Max Blocks (per SM):  32
    Max Threads (per SM): 2048

    Total Memory:         8191 MB
    Memory Clock Rate:    4004 MHz
    Memory Bus Width:     256 bits
    Peak Bandwidth:       256.256 GB/s

Portfolio
    Assets     : 154951
    Batch count: 8
    Batch size : 512

Benchmark for Fd1d<float>::solve
    funCall : 8 times
    totTime : 1270.936 ms
    avgTime : 158.867 ms
    stdTime : 1.958 ms
    minTime : 156.227 ms
    maxTime : 162.867 ms

Errors for Fd1d<float>::solve
       RMSE : 2.075e-03
      RRMSE : 5.306e-05
        MAE : 2.504e-02
        MRE : 3.950e-04
      total : 4096 options

Benchmark for Fd1d_Gpu<float>::solve
    funCall : 8 times
    totTime : 2386.799 ms
    avgTime : 298.350 ms
    stdTime : 2.756 ms
    minTime : 295.267 ms
    maxTime : 304.789 ms

Errors for Fd1d_Gpu<float>::solve
       RMSE : 1.479e-03
      RRMSE : 4.084e-05
        MAE : 2.405e-02
        MRE : 4.036e-04
      total : 4096 options

Benchmark for Fd1d<double>::solve
    funCall : 8 times
    totTime : 1343.518 ms
    avgTime : 167.940 ms
    stdTime : 1.086 ms
    minTime : 165.886 ms
    maxTime : 169.663 ms

Errors for Fd1d<double>::solve
       RMSE : 1.821e-04
      RRMSE : 3.610e-05
        MAE : 1.426e-03
        MRE : 4.342e-04
      total : 4096 options

Benchmark for Fd1d_Gpu<double>::solve
    funCall : 8 times
    totTime : 3594.118 ms
    avgTime : 449.265 ms
    stdTime : 2.594 ms
    minTime : 446.346 ms
    maxTime : 453.327 ms

Errors for Fd1d_Gpu<double>::solve
       RMSE : 1.821e-04
      RRMSE : 3.610e-05
        MAE : 1.426e-03
        MRE : 4.342e-04
      total : 4096 options

