kwinto-cuda  (deeba37, 2023-06-15 17:30:08 +0200)

Command-Line Arguments
    --call: false
    --cpu32: true
    --cpu64: true
    --cuda-n: "8"
    --cuda-x: "128"
    --gpu32: true
    --gpu64: true
    --put: false
    --ql64: false
    -b: "32768"
    -e: "0.5"
    -n: "4"
    -t: "1024"
    -v: true
    -x: "1024"
    <portfolio>: "test/portfolio.csv"
    bench: true

Devices Info #0
    Name:                 NVIDIA GeForce GTX 1070
    Integrated:           0

    Total SM:             15
    Clock Rate:           1771.5 MHz
    32-bit Regs (per SM): 65536
    Max Blocks (per SM):  32
    Max Threads (per SM): 2048

    Total Memory:         8191 MB
    Memory Clock Rate:    4004 MHz
    Memory Bus Width:     256 bits
    Peak Bandwidth:       256.256 GB/s

Portfolio
    Assets     : 154951
    Batch count: 4
    Batch size : 32768

Benchmark for Fd1d<float>::solve
    funCall : 4 times
    totTime : 2913891.851 ms
    avgTime : 728472.963 ms
    stdTime : 13520.948 ms
    minTime : 715585.437 ms
    maxTime : 750815.054 ms

Errors for Fd1d<float>::solve
       RMSE : 3.648e-02
      RRMSE : 4.990e-04
        MAE : 4.283e-01
        MRE : 3.313e-03
      total : 131072 options

Benchmark for Fd1d_Gpu<float>::solve
    funCall : 4 times
    totTime : 81231.130 ms
    avgTime : 20307.782 ms
    stdTime : 51.224 ms
    minTime : 20259.367 ms
    maxTime : 20393.826 ms

Errors for Fd1d_Gpu<float>::solve
       RMSE : 2.225e-02
      RRMSE : 3.285e-04
        MAE : 2.942e-01
        MRE : 2.196e-03
      total : 131072 options

Benchmark for Fd1d<double>::solve
    funCall : 4 times
    totTime : 1756715.498 ms
    avgTime : 439178.875 ms
    stdTime : 4215.397 ms
    minTime : 432178.851 ms
    maxTime : 442891.130 ms

Errors for Fd1d<double>::solve
       RMSE : 1.100e-03
      RRMSE : 3.522e-05
        MAE : 1.487e-02
        MRE : 1.107e-03
      total : 131072 options

Benchmark for Fd1d_Gpu<double>::solve
    funCall : 4 times
    totTime : 137587.137 ms
    avgTime : 34396.784 ms
    stdTime : 106.673 ms
    minTime : 34314.333 ms
    maxTime : 34580.110 ms

Errors for Fd1d_Gpu<double>::solve
       RMSE : 1.100e-03
      RRMSE : 3.522e-05
        MAE : 1.487e-02
        MRE : 1.107e-03
      total : 131072 options

