kwinto-cuda  (deeba37, 2023-06-15 17:30:08 +0200)

Command-Line Arguments
    --call: false
    --cpu32: true
    --cpu64: true
    --cuda-n: "8"
    --cuda-x: "128"
    --gpu32: true
    --gpu64: true
    --put: false
    --ql64: false
    -b: "256"
    -e: "0.5"
    -n: "8"
    -t: "1024"
    -v: true
    -x: "1024"
    <portfolio>: "test/portfolio.csv"
    bench: true

Devices Info #0
    Name:                 NVIDIA GeForce GTX 1070
    Integrated:           0

    Total SM:             15
    Clock Rate:           1771.5 MHz
    32-bit Regs (per SM): 65536
    Max Blocks (per SM):  32
    Max Threads (per SM): 2048

    Total Memory:         8191 MB
    Memory Clock Rate:    4004 MHz
    Memory Bus Width:     256 bits
    Peak Bandwidth:       256.256 GB/s

Portfolio
    Assets     : 154951
    Batch count: 8
    Batch size : 256

Benchmark for Fd1d<float>::solve
    funCall : 8 times
    totTime : 24682.459 ms
    avgTime : 3085.307 ms
    stdTime : 5.307 ms
    minTime : 3075.136 ms
    maxTime : 3090.858 ms

Errors for Fd1d<float>::solve
       RMSE : 5.897e-03
      RRMSE : 1.179e-04
        MAE : 4.906e-02
        MRE : 4.938e-04
      total : 2048 options

Benchmark for Fd1d_Gpu<float>::solve
    funCall : 8 times
    totTime : 8066.869 ms
    avgTime : 1008.359 ms
    stdTime : 9.328 ms
    minTime : 996.687 ms
    maxTime : 1026.287 ms

Errors for Fd1d_Gpu<float>::solve
       RMSE : 2.837e-03
      RRMSE : 5.558e-05
        MAE : 2.074e-02
        MRE : 2.174e-04
      total : 2048 options

Benchmark for Fd1d<double>::solve
    funCall : 8 times
    totTime : 26550.164 ms
    avgTime : 3318.771 ms
    stdTime : 20.548 ms
    minTime : 3301.445 ms
    maxTime : 3369.252 ms

Errors for Fd1d<double>::solve
       RMSE : 7.077e-05
      RRMSE : 2.184e-05
        MAE : 6.900e-04
        MRE : 2.260e-04
      total : 2048 options

Benchmark for Fd1d_Gpu<double>::solve
    funCall : 8 times
    totTime : 12367.579 ms
    avgTime : 1545.947 ms
    stdTime : 54.438 ms
    minTime : 1518.951 ms
    maxTime : 1689.636 ms

Errors for Fd1d_Gpu<double>::solve
       RMSE : 7.077e-05
      RRMSE : 2.184e-05
        MAE : 6.900e-04
        MRE : 2.260e-04
      total : 2048 options

