kwinto-cuda  (ad348f7+, 2023-08-15 20:16:29 +0200)

Command-Line Arguments
    --call: false
    --cpu32: true
    --cpu64: true
    --cuda-n: "8"
    --cuda-x: "128"
    --gpu32: true
    --gpu64: true
    --put: false
    --ql64: false
    -b: "128"
    -e: "0.5"
    -n: "8"
    -t: "1024"
    -v: true
    -x: "1024"
    <portfolio>: "test/portfolio.csv"
    bench: true

Devices Info #0
    Name:                 NVIDIA GeForce GTX 1070
    Integrated:           0

    Total SM:             15
    Clock Rate:           1771.5 MHz
    32-bit Regs (per SM): 65536
    Max Blocks (per SM):  32
    Max Threads (per SM): 2048

    Total Memory:         8191 MB
    Memory Clock Rate:    4004 MHz
    Memory Bus Width:     256 bits
    Peak Bandwidth:       256.256 GB/s

Portfolio
    Assets     : 154951
    Batch count: 8
    Batch size : 128

Benchmark for Fd1d<float>::solve
    funCall : 8 times
    totTime : 1258.129 ms
    avgTime : 157.266 ms
    stdTime : 1.845 ms
    minTime : 154.203 ms
    maxTime : 160.364 ms

Errors for Fd1d<float>::solve
       RMSE : 5.467e-03
      RRMSE : 1.049e-04
        MAE : 4.223e-02
        MRE : 4.213e-04
      total : 1024 options

Benchmark for Fd1d_Gpu<float>::solve
    funCall : 8 times
    totTime : 6806.385 ms
    avgTime : 850.798 ms
    stdTime : 6.174 ms
    minTime : 845.089 ms
    maxTime : 861.371 ms

Errors for Fd1d_Gpu<float>::solve
       RMSE : 3.398e-03
      RRMSE : 6.141e-05
        MAE : 2.074e-02
        MRE : 2.056e-04
      total : 1024 options

Benchmark for Fd1d<double>::solve
    funCall : 8 times
    totTime : 1319.863 ms
    avgTime : 164.983 ms
    stdTime : 0.920 ms
    minTime : 163.594 ms
    maxTime : 166.471 ms

Errors for Fd1d<double>::solve
       RMSE : 5.522e-05
      RRMSE : 2.531e-05
        MAE : 5.821e-04
        MRE : 2.260e-04
      total : 1024 options

Benchmark for Fd1d_Gpu<double>::solve
    funCall : 8 times
    totTime : 10447.723 ms
    avgTime : 1305.965 ms
    stdTime : 4.835 ms
    minTime : 1302.359 ms
    maxTime : 1318.065 ms

Errors for Fd1d_Gpu<double>::solve
       RMSE : 5.522e-05
      RRMSE : 2.531e-05
        MAE : 5.821e-04
        MRE : 2.260e-04
      total : 1024 options

