kwinto-cuda  (deeba37, 2023-06-15 17:30:08 +0200)

Command-Line Arguments
    --call: false
    --cpu32: true
    --cpu64: true
    --cuda-n: "8"
    --cuda-x: "128"
    --gpu32: true
    --gpu64: true
    --put: false
    --ql64: false
    -b: "1024"
    -e: "0.5"
    -n: "8"
    -t: "1024"
    -v: true
    -x: "1024"
    <portfolio>: "test/portfolio.csv"
    bench: true

Devices Info #0
    Name:                 NVIDIA GeForce GTX 1070
    Integrated:           0

    Total SM:             15
    Clock Rate:           1771.5 MHz
    32-bit Regs (per SM): 65536
    Max Blocks (per SM):  32
    Max Threads (per SM): 2048

    Total Memory:         8191 MB
    Memory Clock Rate:    4004 MHz
    Memory Bus Width:     256 bits
    Peak Bandwidth:       256.256 GB/s

Portfolio
    Assets     : 154951
    Batch count: 8
    Batch size : 1024

Benchmark for Fd1d<float>::solve
    funCall : 8 times
    totTime : 100335.294 ms
    avgTime : 12541.912 ms
    stdTime : 278.234 ms
    minTime : 12329.221 ms
    maxTime : 13153.050 ms

Errors for Fd1d<float>::solve
       RMSE : 9.490e-03
      RRMSE : 1.988e-04
        MAE : 9.848e-02
        MRE : 1.000e-03
      total : 8192 options

Benchmark for Fd1d_Gpu<float>::solve
    funCall : 8 times
    totTime : 11157.865 ms
    avgTime : 1394.733 ms
    stdTime : 8.139 ms
    minTime : 1383.400 ms
    maxTime : 1406.039 ms

Errors for Fd1d_Gpu<float>::solve
       RMSE : 5.231e-03
      RRMSE : 1.235e-04
        MAE : 7.268e-02
        MRE : 7.212e-04
      total : 8192 options

Benchmark for Fd1d<double>::solve
    funCall : 8 times
    totTime : 110738.477 ms
    avgTime : 13842.310 ms
    stdTime : 108.102 ms
    minTime : 13738.229 ms
    maxTime : 14076.720 ms

Errors for Fd1d<double>::solve
       RMSE : 1.278e-04
      RRMSE : 1.619e-05
        MAE : 1.002e-03
        MRE : 2.260e-04
      total : 8192 options

Benchmark for Fd1d_Gpu<double>::solve
    funCall : 8 times
    totTime : 17329.182 ms
    avgTime : 2166.148 ms
    stdTime : 11.889 ms
    minTime : 2153.628 ms
    maxTime : 2187.446 ms

Errors for Fd1d_Gpu<double>::solve
       RMSE : 1.278e-04
      RRMSE : 1.619e-05
        MAE : 1.002e-03
        MRE : 2.260e-04
      total : 8192 options

