kwinto-cuda  (ad348f7+, 2023-08-15 20:16:29 +0200)

Command-Line Arguments
    --call: false
    --cpu32: true
    --cpu64: true
    --cuda-n: "8"
    --cuda-x: "128"
    --gpu32: true
    --gpu64: true
    --put: false
    --ql64: false
    -b: "2048"
    -e: "0.5"
    -n: "8"
    -t: "1024"
    -v: true
    -x: "1024"
    <portfolio>: "test/portfolio.csv"
    bench: true

Devices Info #0
    Name:                 NVIDIA GeForce GTX 1070
    Integrated:           0

    Total SM:             15
    Clock Rate:           1771.5 MHz
    32-bit Regs (per SM): 65536
    Max Blocks (per SM):  32
    Max Threads (per SM): 2048

    Total Memory:         8191 MB
    Memory Clock Rate:    4004 MHz
    Memory Bus Width:     256 bits
    Peak Bandwidth:       256.256 GB/s

Portfolio
    Assets     : 154951
    Batch count: 8
    Batch size : 2048

Benchmark for Fd1d<float>::solve
    funCall : 8 times
    totTime : 23937.379 ms
    avgTime : 2992.172 ms
    stdTime : 5.118 ms
    minTime : 2986.712 ms
    maxTime : 3002.907 ms

Errors for Fd1d<float>::solve
       RMSE : 1.919e-02
      RRMSE : 3.483e-04
        MAE : 1.842e-01
        MRE : 1.765e-03
      total : 16384 options

Benchmark for Fd1d_Gpu<float>::solve
    funCall : 8 times
    totTime : 14668.821 ms
    avgTime : 1833.603 ms
    stdTime : 11.638 ms
    minTime : 1819.428 ms
    maxTime : 1857.768 ms

Errors for Fd1d_Gpu<float>::solve
       RMSE : 1.071e-02
      RRMSE : 2.126e-04
        MAE : 1.586e-01
        MRE : 1.536e-03
      total : 16384 options

Benchmark for Fd1d<double>::solve
    funCall : 8 times
    totTime : 22000.789 ms
    avgTime : 2750.099 ms
    stdTime : 19.100 ms
    minTime : 2722.354 ms
    maxTime : 2789.062 ms

Errors for Fd1d<double>::solve
       RMSE : 1.888e-04
      RRMSE : 1.395e-05
        MAE : 1.390e-03
        MRE : 2.260e-04
      total : 16384 options

Benchmark for Fd1d_Gpu<double>::solve
    funCall : 8 times
    totTime : 23648.457 ms
    avgTime : 2956.057 ms
    stdTime : 53.198 ms
    minTime : 2929.766 ms
    maxTime : 3096.067 ms

Errors for Fd1d_Gpu<double>::solve
       RMSE : 1.888e-04
      RRMSE : 1.395e-05
        MAE : 1.390e-03
        MRE : 2.260e-04
      total : 16384 options

