kwinto-cuda  (deeba37, 2023-06-15 17:30:08 +0200)

Command-Line Arguments
    --call: false
    --cpu32: true
    --cpu64: true
    --cuda-n: "8"
    --cuda-x: "128"
    --gpu32: true
    --gpu64: true
    --put: false
    --ql64: false
    -b: "2048"
    -e: "0.5"
    -n: "8"
    -t: "512"
    -v: true
    -x: "512"
    <portfolio>: "test/portfolio.csv"
    bench: true

Devices Info #0
    Name:                 NVIDIA GeForce GTX 1070
    Integrated:           0

    Total SM:             15
    Clock Rate:           1771.5 MHz
    32-bit Regs (per SM): 65536
    Max Blocks (per SM):  32
    Max Threads (per SM): 2048

    Total Memory:         8191 MB
    Memory Clock Rate:    4004 MHz
    Memory Bus Width:     256 bits
    Peak Bandwidth:       256.256 GB/s

Portfolio
    Assets     : 154951
    Batch count: 8
    Batch size : 2048

Benchmark for Fd1d<float>::solve
    funCall : 8 times
    totTime : 50046.541 ms
    avgTime : 6255.818 ms
    stdTime : 7.530 ms
    minTime : 6237.710 ms
    maxTime : 6262.099 ms

Errors for Fd1d<float>::solve
       RMSE : 4.539e-03
      RRMSE : 8.565e-05
        MAE : 4.525e-02
        MRE : 4.899e-04
      total : 16384 options

Benchmark for Fd1d_Gpu<float>::solve
    funCall : 8 times
    totTime : 4003.808 ms
    avgTime : 500.476 ms
    stdTime : 8.754 ms
    minTime : 494.276 ms
    maxTime : 523.067 ms

Errors for Fd1d_Gpu<float>::solve
       RMSE : 2.604e-03
      RRMSE : 5.857e-05
        MAE : 4.407e-02
        MRE : 4.368e-04
      total : 16384 options

Benchmark for Fd1d<double>::solve
    funCall : 8 times
    totTime : 66960.655 ms
    avgTime : 8370.082 ms
    stdTime : 21.221 ms
    minTime : 8335.370 ms
    maxTime : 8412.178 ms

Errors for Fd1d<double>::solve
       RMSE : 4.413e-04
      RRMSE : 3.559e-05
        MAE : 2.844e-03
        MRE : 4.342e-04
      total : 16384 options

Benchmark for Fd1d_Gpu<double>::solve
    funCall : 8 times
    totTime : 6477.496 ms
    avgTime : 809.687 ms
    stdTime : 68.056 ms
    minTime : 779.428 ms
    maxTime : 989.464 ms

Errors for Fd1d_Gpu<double>::solve
       RMSE : 4.413e-04
      RRMSE : 3.559e-05
        MAE : 2.844e-03
        MRE : 4.342e-04
      total : 16384 options

