kwinto-cuda  (deeba37, 2023-06-15 17:30:08 +0200)

Command-Line Arguments
    --call: false
    --cpu32: true
    --cpu64: true
    --cuda-n: "8"
    --cuda-x: "128"
    --gpu32: true
    --gpu64: true
    --put: false
    --ql64: false
    -b: "256"
    -e: "0.5"
    -n: "8"
    -t: "512"
    -v: true
    -x: "512"
    <portfolio>: "test/portfolio.csv"
    bench: true

Devices Info #0
    Name:                 NVIDIA GeForce GTX 1070
    Integrated:           0

    Total SM:             15
    Clock Rate:           1771.5 MHz
    32-bit Regs (per SM): 65536
    Max Blocks (per SM):  32
    Max Threads (per SM): 2048

    Total Memory:         8191 MB
    Memory Clock Rate:    4004 MHz
    Memory Bus Width:     256 bits
    Peak Bandwidth:       256.256 GB/s

Portfolio
    Assets     : 154951
    Batch count: 8
    Batch size : 256

Benchmark for Fd1d<float>::solve
    funCall : 8 times
    totTime : 6259.669 ms
    avgTime : 782.459 ms
    stdTime : 2.297 ms
    minTime : 780.257 ms
    maxTime : 787.141 ms

Errors for Fd1d<float>::solve
       RMSE : 1.691e-03
      RRMSE : 4.785e-05
        MAE : 1.597e-02
        MRE : 3.950e-04
      total : 2048 options

Benchmark for Fd1d_Gpu<float>::solve
    funCall : 8 times
    totTime : 2014.169 ms
    avgTime : 251.771 ms
    stdTime : 2.963 ms
    minTime : 248.552 ms
    maxTime : 256.654 ms

Errors for Fd1d_Gpu<float>::solve
       RMSE : 8.762e-04
      RRMSE : 3.896e-05
        MAE : 6.844e-03
        MRE : 4.036e-04
      total : 2048 options

Benchmark for Fd1d<double>::solve
    funCall : 8 times
    totTime : 6667.803 ms
    avgTime : 833.475 ms
    stdTime : 1.422 ms
    minTime : 830.915 ms
    maxTime : 834.925 ms

Errors for Fd1d<double>::solve
       RMSE : 1.350e-04
      RRMSE : 4.214e-05
        MAE : 1.337e-03
        MRE : 4.342e-04
      total : 2048 options

Benchmark for Fd1d_Gpu<double>::solve
    funCall : 8 times
    totTime : 3049.637 ms
    avgTime : 381.205 ms
    stdTime : 3.521 ms
    minTime : 378.381 ms
    maxTime : 388.343 ms

Errors for Fd1d_Gpu<double>::solve
       RMSE : 1.350e-04
      RRMSE : 4.214e-05
        MAE : 1.337e-03
        MRE : 4.342e-04
      total : 2048 options

