kwinto-cuda  (ad348f7+, 2023-08-15 20:16:29 +0200)

Command-Line Arguments
    --call: false
    --cpu32: true
    --cpu64: true
    --cuda-n: "8"
    --cuda-x: "128"
    --gpu32: true
    --gpu64: true
    --put: false
    --ql64: false
    -b: "512"
    -e: "0.5"
    -n: "8"
    -t: "1024"
    -v: true
    -x: "1024"
    <portfolio>: "test/portfolio.csv"
    bench: true

Devices Info #0
    Name:                 NVIDIA GeForce GTX 1070
    Integrated:           0

    Total SM:             15
    Clock Rate:           1771.5 MHz
    32-bit Regs (per SM): 65536
    Max Blocks (per SM):  32
    Max Threads (per SM): 2048

    Total Memory:         8191 MB
    Memory Clock Rate:    4004 MHz
    Memory Bus Width:     256 bits
    Peak Bandwidth:       256.256 GB/s

Portfolio
    Assets     : 154951
    Batch count: 8
    Batch size : 512

Benchmark for Fd1d<float>::solve
    funCall : 8 times
    totTime : 6745.909 ms
    avgTime : 843.239 ms
    stdTime : 56.150 ms
    minTime : 758.198 ms
    maxTime : 948.651 ms

Errors for Fd1d<float>::solve
       RMSE : 7.202e-03
      RRMSE : 1.447e-04
        MAE : 7.632e-02
        MRE : 7.594e-04
      total : 4096 options

Benchmark for Fd1d_Gpu<float>::solve
    funCall : 8 times
    totTime : 9163.018 ms
    avgTime : 1145.377 ms
    stdTime : 6.750 ms
    minTime : 1136.050 ms
    maxTime : 1160.718 ms

Errors for Fd1d_Gpu<float>::solve
       RMSE : 5.081e-03
      RRMSE : 1.030e-04
        MAE : 7.268e-02
        MRE : 7.212e-04
      total : 4096 options

Benchmark for Fd1d<double>::solve
    funCall : 8 times
    totTime : 6173.116 ms
    avgTime : 771.639 ms
    stdTime : 72.005 ms
    minTime : 691.800 ms
    maxTime : 865.180 ms

Errors for Fd1d<double>::solve
       RMSE : 9.219e-05
      RRMSE : 1.835e-05
        MAE : 7.249e-04
        MRE : 2.260e-04
      total : 4096 options

Benchmark for Fd1d_Gpu<double>::solve
    funCall : 8 times
    totTime : 13739.512 ms
    avgTime : 1717.439 ms
    stdTime : 32.295 ms
    minTime : 1701.238 ms
    maxTime : 1802.107 ms

Errors for Fd1d_Gpu<double>::solve
       RMSE : 9.219e-05
      RRMSE : 1.835e-05
        MAE : 7.249e-04
        MRE : 2.260e-04
      total : 4096 options

