kwinto-cuda  (deeba37, 2023-06-15 17:30:08 +0200)

Command-Line Arguments
    --call: false
    --cpu32: true
    --cpu64: true
    --cuda-n: "8"
    --cuda-x: "128"
    --gpu32: true
    --gpu64: true
    --put: false
    --ql64: false
    -b: "1024"
    -e: "0.5"
    -n: "8"
    -t: "512"
    -v: true
    -x: "512"
    <portfolio>: "test/portfolio.csv"
    bench: true

Devices Info #0
    Name:                 NVIDIA GeForce GTX 1070
    Integrated:           0

    Total SM:             15
    Clock Rate:           1771.5 MHz
    32-bit Regs (per SM): 65536
    Max Blocks (per SM):  32
    Max Threads (per SM): 2048

    Total Memory:         8191 MB
    Memory Clock Rate:    4004 MHz
    Memory Bus Width:     256 bits
    Peak Bandwidth:       256.256 GB/s

Portfolio
    Assets     : 154951
    Batch count: 8
    Batch size : 1024

Benchmark for Fd1d<float>::solve
    funCall : 8 times
    totTime : 25283.194 ms
    avgTime : 3160.399 ms
    stdTime : 30.791 ms
    minTime : 3135.796 ms
    maxTime : 3220.146 ms

Errors for Fd1d<float>::solve
       RMSE : 3.110e-03
      RRMSE : 7.700e-05
        MAE : 3.396e-02
        MRE : 4.899e-04
      total : 8192 options

Benchmark for Fd1d_Gpu<float>::solve
    funCall : 8 times
    totTime : 2998.952 ms
    avgTime : 374.869 ms
    stdTime : 2.103 ms
    minTime : 372.865 ms
    maxTime : 379.275 ms

Errors for Fd1d_Gpu<float>::solve
       RMSE : 2.120e-03
      RRMSE : 5.756e-05
        MAE : 2.405e-02
        MRE : 4.368e-04
      total : 8192 options

Benchmark for Fd1d<double>::solve
    funCall : 8 times
    totTime : 26953.255 ms
    avgTime : 3369.157 ms
    stdTime : 7.453 ms
    minTime : 3361.237 ms
    maxTime : 3383.048 ms

Errors for Fd1d<double>::solve
       RMSE : 2.652e-04
      RRMSE : 3.852e-05
        MAE : 1.996e-03
        MRE : 4.342e-04
      total : 8192 options

Benchmark for Fd1d_Gpu<double>::solve
    funCall : 8 times
    totTime : 4616.489 ms
    avgTime : 577.061 ms
    stdTime : 57.234 ms
    minTime : 553.943 ms
    maxTime : 728.473 ms

Errors for Fd1d_Gpu<double>::solve
       RMSE : 2.652e-04
      RRMSE : 3.852e-05
        MAE : 1.996e-03
        MRE : 4.342e-04
      total : 8192 options

