kwinto-cuda  (ad348f7+, 2023-08-15 20:16:29 +0200)

Command-Line Arguments
    --call: false
    --cpu32: true
    --cpu64: true
    --cuda-n: "8"
    --cuda-x: "128"
    --gpu32: true
    --gpu64: true
    --put: false
    --ql64: false
    -b: "8192"
    -e: "0.5"
    -n: "8"
    -t: "512"
    -v: true
    -x: "512"
    <portfolio>: "test/portfolio.csv"
    bench: true

Devices Info #0
    Name:                 NVIDIA GeForce GTX 1070
    Integrated:           0

    Total SM:             15
    Clock Rate:           1771.5 MHz
    32-bit Regs (per SM): 65536
    Max Blocks (per SM):  32
    Max Threads (per SM): 2048

    Total Memory:         8191 MB
    Memory Clock Rate:    4004 MHz
    Memory Bus Width:     256 bits
    Peak Bandwidth:       256.256 GB/s

Portfolio
    Assets     : 154951
    Batch count: 8
    Batch size : 8192

Benchmark for Fd1d<float>::solve
    funCall : 8 times
    totTime : 23584.962 ms
    avgTime : 2948.120 ms
    stdTime : 11.713 ms
    minTime : 2929.197 ms
    maxTime : 2972.830 ms

Errors for Fd1d<float>::solve
       RMSE : 6.961e-03
      RRMSE : 1.179e-04
        MAE : 8.489e-02
        MRE : 1.275e-03
      total : 65536 options

Benchmark for Fd1d_Gpu<float>::solve
    funCall : 8 times
    totTime : 11193.401 ms
    avgTime : 1399.175 ms
    stdTime : 7.617 ms
    minTime : 1391.037 ms
    maxTime : 1415.426 ms

Errors for Fd1d_Gpu<float>::solve
       RMSE : 4.239e-03
      RRMSE : 8.762e-05
        MAE : 5.849e-02
        MRE : 1.305e-03
      total : 65536 options

Benchmark for Fd1d<double>::solve
    funCall : 8 times
    totTime : 29451.834 ms
    avgTime : 3681.479 ms
    stdTime : 3.864 ms
    minTime : 3675.463 ms
    maxTime : 3687.314 ms

Errors for Fd1d<double>::solve
       RMSE : 1.275e-03
      RRMSE : 6.368e-05
        MAE : 1.358e-02
        MRE : 1.328e-03
      total : 65536 options

Benchmark for Fd1d_Gpu<double>::solve
    funCall : 8 times
    totTime : 20411.775 ms
    avgTime : 2551.472 ms
    stdTime : 94.643 ms
    minTime : 2510.201 ms
    maxTime : 2801.631 ms

Errors for Fd1d_Gpu<double>::solve
       RMSE : 1.275e-03
      RRMSE : 6.368e-05
        MAE : 1.358e-02
        MRE : 1.328e-03
      total : 65536 options

