c:\Users\Sasha\Sources\kwinto-cuda>out\win10-release\src\kwinto.exe bench test\portfolio.csv -v --put
Command-Line Arguments
    --call: false
    --cpu32: false
    --cpu64: false
    --cuda-n: "8"
    --cuda-x: "128"
    --gpu32: false
    --gpu64: false
    --put: true
    -b: "128"
    -e: "0.5"
    -n: "0"
    -t: "512"
    -v: true
    -x: "512"
    <portfolio>: "test\portfolio.csv"
    bench: true

Devices Info #0
    Name:                 NVIDIA GeForce GTX 1070
    Integrated:           0

    Total SM:             15
    Clock Rate:           1771.5 MHz
    32-bit Regs (per SM): 65536
    Max Blocks (per SM):  32
    Max Threads (per SM): 2048

    Total Memory:         8191 MB
    Memory Clock Rate:    4004 MHz
    Memory Bus Width:     256 bits
    Peak Bandwidth:       256.256 GB/s

Portfolio
    Assets     : 6000
    Batch count: 0
    Batch size : 128

Benchmark for Fd1d<float>::solve
    funCall : 46 times
    totTime : 110601.293 ms
    avgTime : 2404.376 ms
    stdTime : 189.761 ms
    minTime : 2159.351 ms
    maxTime : 2840.697 ms

Errors for Fd1d<float>::solve
       RMSE : 2.079e-03
      RRMSE : 9.982e-05
        MAE : 2.372e-02
        MRE : 1.131e-03
      total : 4495 options

Benchmark for Fd1d_Gpu<float>::solve
    funCall : 46 times
    totTime : 8503.937 ms
    avgTime : 184.868 ms
    stdTime : 18.585 ms
    minTime : 165.207 ms
    maxTime : 240.316 ms

Errors for Fd1d_Gpu<float>::solve
       RMSE : 1.567e-03
      RRMSE : 9.128e-05
        MAE : 2.505e-02
        MRE : 1.117e-03
      total : 4495 options

Benchmark for Fd1d<double>::solve
    funCall : 46 times
    totTime : 134831.587 ms
    avgTime : 2931.121 ms
    stdTime : 97.541 ms
    minTime : 2559.478 ms
    maxTime : 3227.745 ms

Errors for Fd1d<double>::solve
       RMSE : 5.407e-04
      RRMSE : 8.064e-05
        MAE : 4.331e-03
        MRE : 1.129e-03
      total : 4495 options

Benchmark for Fd1d_Gpu<double>::solve
    funCall : 46 times
    totTime : 16867.217 ms
    avgTime : 366.679 ms
    stdTime : 45.614 ms
    minTime : 341.288 ms
    maxTime : 606.459 ms

Errors for Fd1d_Gpu<double>::solve
       RMSE : 5.407e-04
      RRMSE : 8.064e-05
        MAE : 4.331e-03
        MRE : 1.129e-03
      total : 4495 options