kwinto-cuda v0.2.0 (9530b61, 2023-09-04 11:01:42 +0200)

Command-Line Arguments
    --call: false
    --cpu32: true
    --cpu64: true
    --cuda-n: "8"
    --cuda-x: "128"
    --gpu32: true
    --gpu64: true
    --put: false
    --ql64: false
    -b: "128"
    -e: "0.5"
    -n: "8"
    -t: "512"
    -v: true
    -x: "512"
    <portfolio>: "test/portfolio.csv"
    bench: true

Devices Info #0
    Name:                 NVIDIA GeForce GTX 1070
    Integrated:           0

    Total SM:             15
    Clock Rate:           1771.5 MHz
    32-bit Regs (per SM): 65536
    Max Blocks (per SM):  32
    Max Threads (per SM): 2048

    Total Memory:         8112 MB
    Memory Clock Rate:    4004 MHz
    Memory Bus Width:     256 bits
    Peak Bandwidth:       256.256 GB/s

Portfolio
    Assets     : 154951
    Batch count: 8
    Batch size : 128

Benchmark for Fd1d<float>::solve
    funCall : 8 times
    totTime : 948.066 ms
    avgTime : 118.508 ms
    stdTime : 4.148 ms
    minTime : 113.136 ms
    maxTime : 124.100 ms

Errors for Fd1d<float>::solve
       RMSE : 1.693e-03
      RRMSE : 5.005e-05
        MAE : 1.597e-02
        MRE : 3.950e-04
      total : 1024 options

Benchmark for Fd1d_Gpu<float>::solve
    funCall : 8 times
    totTime : 1343.708 ms
    avgTime : 167.964 ms
    stdTime : 8.704 ms
    minTime : 160.986 ms
    maxTime : 187.470 ms

Errors for Fd1d_Gpu<float>::solve
       RMSE : 1.075e-03
      RRMSE : 4.347e-05
        MAE : 6.535e-03
        MRE : 4.036e-04
      total : 1024 options

Benchmark for Fd1d<double>::solve
    funCall : 8 times
    totTime : 1206.953 ms
    avgTime : 150.869 ms
    stdTime : 0.465 ms
    minTime : 150.341 ms
    maxTime : 151.609 ms

Errors for Fd1d<double>::solve
       RMSE : 1.057e-04
      RRMSE : 4.733e-05
        MAE : 1.162e-03
        MRE : 4.342e-04
      total : 1024 options

Benchmark for Fd1d_Gpu<double>::solve
    funCall : 8 times
    totTime : 2470.800 ms
    avgTime : 308.850 ms
    stdTime : 1.454 ms
    minTime : 307.462 ms
    maxTime : 312.442 ms

Errors for Fd1d_Gpu<double>::solve
       RMSE : 1.057e-04
      RRMSE : 4.733e-05
        MAE : 1.162e-03
        MRE : 4.342e-04
      total : 1024 options

