kwinto-cuda v0.2.0 (9530b61, 2023-09-04 11:01:42 +0200)

Command-Line Arguments
    --call: false
    --cpu32: true
    --cpu64: true
    --cuda-n: "8"
    --cuda-x: "128"
    --gpu32: true
    --gpu64: true
    --put: false
    --ql64: false
    -b: "8192"
    -e: "0.5"
    -n: "8"
    -t: "512"
    -v: true
    -x: "512"
    <portfolio>: "test/portfolio.csv"
    bench: true

Devices Info #0
    Name:                 NVIDIA GeForce GTX 1070
    Integrated:           0

    Total SM:             15
    Clock Rate:           1771.5 MHz
    32-bit Regs (per SM): 65536
    Max Blocks (per SM):  32
    Max Threads (per SM): 2048

    Total Memory:         8112 MB
    Memory Clock Rate:    4004 MHz
    Memory Bus Width:     256 bits
    Peak Bandwidth:       256.256 GB/s

Portfolio
    Assets     : 154951
    Batch count: 8
    Batch size : 8192

Benchmark for Fd1d<float>::solve
    funCall : 8 times
    totTime : 57382.057 ms
    avgTime : 7172.757 ms
    stdTime : 33.274 ms
    minTime : 7103.933 ms
    maxTime : 7218.599 ms

Errors for Fd1d<float>::solve
       RMSE : 6.961e-03
      RRMSE : 1.179e-04
        MAE : 8.489e-02
        MRE : 1.275e-03
      total : 65536 options

Benchmark for Fd1d_Gpu<float>::solve
    funCall : 8 times
    totTime : 12866.877 ms
    avgTime : 1608.360 ms
    stdTime : 30.903 ms
    minTime : 1585.022 ms
    maxTime : 1687.912 ms

Errors for Fd1d_Gpu<float>::solve
       RMSE : 4.239e-03
      RRMSE : 8.762e-05
        MAE : 5.849e-02
        MRE : 1.305e-03
      total : 65536 options

Benchmark for Fd1d<double>::solve
    funCall : 8 times
    totTime : 65323.284 ms
    avgTime : 8165.411 ms
    stdTime : 60.913 ms
    minTime : 8098.356 ms
    maxTime : 8291.022 ms

Errors for Fd1d<double>::solve
       RMSE : 1.275e-03
      RRMSE : 6.368e-05
        MAE : 1.358e-02
        MRE : 1.328e-03
      total : 65536 options

Benchmark for Fd1d_Gpu<double>::solve
    funCall : 8 times
    totTime : 21723.250 ms
    avgTime : 2715.406 ms
    stdTime : 51.882 ms
    minTime : 2667.668 ms
    maxTime : 2845.327 ms

Errors for Fd1d_Gpu<double>::solve
       RMSE : 1.275e-03
      RRMSE : 6.368e-05
        MAE : 1.358e-02
        MRE : 1.328e-03
      total : 65536 options

