kwinto-cuda v0.2.0 (9530b61, 2023-09-04 11:01:42 +0200)

Command-Line Arguments
    --call: false
    --cpu32: true
    --cpu64: true
    --cuda-n: "8"
    --cuda-x: "128"
    --gpu32: true
    --gpu64: true
    --put: false
    --ql64: false
    -b: "4096"
    -e: "0.5"
    -n: "8"
    -t: "1024"
    -v: true
    -x: "1024"
    <portfolio>: "test/portfolio.csv"
    bench: true

Devices Info #0
    Name:                 NVIDIA GeForce GTX 1070
    Integrated:           0

    Total SM:             15
    Clock Rate:           1771.5 MHz
    32-bit Regs (per SM): 65536
    Max Blocks (per SM):  32
    Max Threads (per SM): 2048

    Total Memory:         8112 MB
    Memory Clock Rate:    4004 MHz
    Memory Bus Width:     256 bits
    Peak Bandwidth:       256.256 GB/s

Portfolio
    Assets     : 154951
    Batch count: 8
    Batch size : 4096

Benchmark for Fd1d<float>::solve
    funCall : 8 times
    totTime : 110385.047 ms
    avgTime : 13798.131 ms
    stdTime : 93.843 ms
    minTime : 13683.524 ms
    maxTime : 13943.286 ms

Errors for Fd1d<float>::solve
       RMSE : 2.051e-02
      RRMSE : 3.550e-04
        MAE : 2.119e-01
        MRE : 2.165e-03
      total : 32768 options

Benchmark for Fd1d_Gpu<float>::solve
    funCall : 8 times
    totTime : 24505.236 ms
    avgTime : 3063.155 ms
    stdTime : 64.680 ms
    minTime : 3001.527 ms
    maxTime : 3181.357 ms

Errors for Fd1d_Gpu<float>::solve
       RMSE : 1.275e-02
      RRMSE : 2.435e-04
        MAE : 2.199e-01
        MRE : 2.010e-03
      total : 32768 options

Benchmark for Fd1d<double>::solve
    funCall : 8 times
    totTime : 132707.986 ms
    avgTime : 16588.498 ms
    stdTime : 397.593 ms
    minTime : 16233.842 ms
    maxTime : 17318.622 ms

Errors for Fd1d<double>::solve
       RMSE : 2.937e-04
      RRMSE : 1.711e-05
        MAE : 2.692e-03
        MRE : 3.814e-04
      total : 32768 options

Benchmark for Fd1d_Gpu<double>::solve
    funCall : 8 times
    totTime : 41572.562 ms
    avgTime : 5196.570 ms
    stdTime : 38.638 ms
    minTime : 5168.927 ms
    maxTime : 5291.851 ms

Errors for Fd1d_Gpu<double>::solve
       RMSE : 2.937e-04
      RRMSE : 1.711e-05
        MAE : 2.692e-03
        MRE : 3.814e-04
      total : 32768 options

