kwinto-cuda v0.2.0 (9530b61, 2023-09-04 11:01:42 +0200)

Command-Line Arguments
    --call: false
    --cpu32: true
    --cpu64: true
    --cuda-n: "8"
    --cuda-x: "128"
    --gpu32: true
    --gpu64: true
    --put: false
    --ql64: false
    -b: "32768"
    -e: "0.5"
    -n: "4"
    -t: "1024"
    -v: true
    -x: "1024"
    <portfolio>: "test/portfolio.csv"
    bench: true

Devices Info #0
    Name:                 NVIDIA GeForce GTX 1070
    Integrated:           0

    Total SM:             15
    Clock Rate:           1771.5 MHz
    32-bit Regs (per SM): 65536
    Max Blocks (per SM):  32
    Max Threads (per SM): 2048

    Total Memory:         8112 MB
    Memory Clock Rate:    4004 MHz
    Memory Bus Width:     256 bits
    Peak Bandwidth:       256.256 GB/s

Portfolio
    Assets     : 154951
    Batch count: 4
    Batch size : 32768

Benchmark for Fd1d<float>::solve
    funCall : 4 times
    totTime : 433635.764 ms
    avgTime : 108408.941 ms
    stdTime : 427.918 ms
    minTime : 107704.322 ms
    maxTime : 108790.214 ms

Errors for Fd1d<float>::solve
       RMSE : 3.648e-02
      RRMSE : 4.990e-04
        MAE : 4.283e-01
        MRE : 3.313e-03
      total : 131072 options

Benchmark for Fd1d_Gpu<float>::solve
    funCall : 4 times
    totTime : 92535.131 ms
    avgTime : 23133.783 ms
    stdTime : 67.642 ms
    minTime : 23044.573 ms
    maxTime : 23226.916 ms

Errors for Fd1d_Gpu<float>::solve
       RMSE : 2.225e-02
      RRMSE : 3.285e-04
        MAE : 2.942e-01
        MRE : 2.196e-03
      total : 131072 options

Benchmark for Fd1d<double>::solve
    funCall : 4 times
    totTime : 515187.537 ms
    avgTime : 128796.884 ms
    stdTime : 395.199 ms
    minTime : 128167.725 ms
    maxTime : 129260.701 ms

Errors for Fd1d<double>::solve
       RMSE : 1.100e-03
      RRMSE : 3.522e-05
        MAE : 1.487e-02
        MRE : 1.107e-03
      total : 131072 options

Benchmark for Fd1d_Gpu<double>::solve
    funCall : 4 times
    totTime : 159606.987 ms
    avgTime : 39901.747 ms
    stdTime : 86.813 ms
    minTime : 39797.013 ms
    maxTime : 40035.809 ms

Errors for Fd1d_Gpu<double>::solve
       RMSE : 1.100e-03
      RRMSE : 3.522e-05
        MAE : 1.487e-02
        MRE : 1.107e-03
      total : 131072 options

