./out/linux-release/src/kwinto bench test/portfolio.csv -v --put
kwinto-cuda v0.1.0+ (2023-06-12 21:50:09 +0200)

Command-Line Arguments
    --call: false
    --cpu32: false
    --cpu64: false
    --cuda-n: "8"
    --cuda-x: "128"
    --gpu32: false
    --gpu64: false
    --put: true
    -b: "128"
    -e: "0.5"
    -n: "0"
    -t: "512"
    -v: true
    -x: "512"
    <portfolio>: "test/portfolio.csv"
    bench: true

Devices Info #0
    Name:                 Quadro P620
    Integrated:           0

    Total SM:             4
    Clock Rate:           1354 MHz
    32-bit Regs (per SM): 65536
    Max Blocks (per SM):  32
    Max Threads (per SM): 2048

    Total Memory:         1997 MB
    Memory Clock Rate:    2505 MHz
    Memory Bus Width:     128 bits
    Peak Bandwidth:       80.16 GB/s

Portfolio
    Assets     : 6000
    Batch count: 0
    Batch size : 128

Benchmark for Fd1d<float>::solve
    funCall : 46 times
    totTime : 64829.770 ms
    avgTime : 1409.343 ms
    stdTime : 136.148 ms
    minTime : 1223.161 ms
    maxTime : 1706.675 ms

Errors for Fd1d<float>::solve
       RMSE : 2.071e-03
      RRMSE : 9.943e-05
        MAE : 2.372e-02
        MRE : 1.131e-03
      total : 4495 options

Benchmark for Fd1d_Gpu<float>::solve
    funCall : 46 times
    totTime : 16448.463 ms
    avgTime : 357.575 ms
    stdTime : 27.273 ms
    minTime : 327.976 ms
    maxTime : 428.338 ms

Errors for Fd1d_Gpu<float>::solve
       RMSE : 1.584e-03
      RRMSE : 9.123e-05
        MAE : 2.505e-02
        MRE : 1.116e-03
      total : 4495 options

Benchmark for Fd1d<double>::solve
    funCall : 46 times
    totTime : 57476.629 ms
    avgTime : 1249.492 ms
    stdTime : 10.071 ms
    minTime : 1201.083 ms
    maxTime : 1255.560 ms

Errors for Fd1d<double>::solve
       RMSE : 5.407e-04
      RRMSE : 8.064e-05
        MAE : 4.331e-03
        MRE : 1.129e-03
      total : 4495 options

Benchmark for Fd1d_Gpu<double>::solve
    funCall : 46 times
    totTime : 24401.490 ms
    avgTime : 530.467 ms
    stdTime : 42.298 ms
    minTime : 513.199 ms
    maxTime : 655.332 ms

Errors for Fd1d_Gpu<double>::solve
       RMSE : 5.407e-04
      RRMSE : 8.064e-05
        MAE : 4.331e-03
        MRE : 1.129e-03
      total : 4495 options

