kwinto-cuda v0.2.0 (9530b61, 2023-09-04 11:01:42 +0200)

Command-Line Arguments
    --call: false
    --cpu32: true
    --cpu64: true
    --cuda-n: "8"
    --cuda-x: "128"
    --gpu32: true
    --gpu64: true
    --put: false
    --ql64: false
    -b: "1024"
    -e: "0.5"
    -n: "8"
    -t: "1024"
    -v: true
    -x: "1024"
    <portfolio>: "test/portfolio.csv"
    bench: true

Devices Info #0
    Name:                 NVIDIA GeForce GTX 1070
    Integrated:           0

    Total SM:             15
    Clock Rate:           1771.5 MHz
    32-bit Regs (per SM): 65536
    Max Blocks (per SM):  32
    Max Threads (per SM): 2048

    Total Memory:         8112 MB
    Memory Clock Rate:    4004 MHz
    Memory Bus Width:     256 bits
    Peak Bandwidth:       256.256 GB/s

Portfolio
    Assets     : 154951
    Batch count: 8
    Batch size : 1024

Benchmark for Fd1d<float>::solve
    funCall : 8 times
    totTime : 28667.656 ms
    avgTime : 3583.457 ms
    stdTime : 106.310 ms
    minTime : 3407.457 ms
    maxTime : 3820.043 ms

Errors for Fd1d<float>::solve
       RMSE : 9.490e-03
      RRMSE : 1.988e-04
        MAE : 9.848e-02
        MRE : 1.000e-03
      total : 8192 options

Benchmark for Fd1d_Gpu<float>::solve
    funCall : 8 times
    totTime : 11268.647 ms
    avgTime : 1408.581 ms
    stdTime : 17.731 ms
    minTime : 1386.717 ms
    maxTime : 1438.848 ms

Errors for Fd1d_Gpu<float>::solve
       RMSE : 5.231e-03
      RRMSE : 1.235e-04
        MAE : 7.268e-02
        MRE : 7.212e-04
      total : 8192 options

Benchmark for Fd1d<double>::solve
    funCall : 8 times
    totTime : 33781.220 ms
    avgTime : 4222.653 ms
    stdTime : 6.896 ms
    minTime : 4215.216 ms
    maxTime : 4234.967 ms

Errors for Fd1d<double>::solve
       RMSE : 1.278e-04
      RRMSE : 1.619e-05
        MAE : 1.002e-03
        MRE : 2.260e-04
      total : 8192 options

Benchmark for Fd1d_Gpu<double>::solve
    funCall : 8 times
    totTime : 17172.344 ms
    avgTime : 2146.543 ms
    stdTime : 28.479 ms
    minTime : 2132.322 ms
    maxTime : 2221.648 ms

Errors for Fd1d_Gpu<double>::solve
       RMSE : 1.278e-04
      RRMSE : 1.619e-05
        MAE : 1.002e-03
        MRE : 2.260e-04
      total : 8192 options

