kwinto-cuda v0.2.0 (9530b61, 2023-09-04 11:01:42 +0200)

Command-Line Arguments
    --call: false
    --cpu32: true
    --cpu64: true
    --cuda-n: "8"
    --cuda-x: "128"
    --gpu32: true
    --gpu64: true
    --put: false
    --ql64: false
    -b: "4096"
    -e: "0.5"
    -n: "8"
    -t: "512"
    -v: true
    -x: "512"
    <portfolio>: "test/portfolio.csv"
    bench: true

Devices Info #0
    Name:                 NVIDIA GeForce GTX 1070
    Integrated:           0

    Total SM:             15
    Clock Rate:           1771.5 MHz
    32-bit Regs (per SM): 65536
    Max Blocks (per SM):  32
    Max Threads (per SM): 2048

    Total Memory:         8112 MB
    Memory Clock Rate:    4004 MHz
    Memory Bus Width:     256 bits
    Peak Bandwidth:       256.256 GB/s

Portfolio
    Assets     : 154951
    Batch count: 8
    Batch size : 4096

Benchmark for Fd1d<float>::solve
    funCall : 8 times
    totTime : 29900.064 ms
    avgTime : 3737.508 ms
    stdTime : 152.306 ms
    minTime : 3614.887 ms
    maxTime : 4089.380 ms

Errors for Fd1d<float>::solve
       RMSE : 5.737e-03
      RRMSE : 1.061e-04
        MAE : 6.811e-02
        MRE : 7.284e-04
      total : 32768 options

Benchmark for Fd1d_Gpu<float>::solve
    funCall : 8 times
    totTime : 7053.102 ms
    avgTime : 881.638 ms
    stdTime : 15.352 ms
    minTime : 868.336 ms
    maxTime : 914.791 ms

Errors for Fd1d_Gpu<float>::solve
       RMSE : 4.028e-03
      RRMSE : 8.376e-05
        MAE : 5.095e-02
        MRE : 7.439e-04
      total : 32768 options

Benchmark for Fd1d<double>::solve
    funCall : 8 times
    totTime : 33380.361 ms
    avgTime : 4172.545 ms
    stdTime : 43.179 ms
    minTime : 4099.877 ms
    maxTime : 4256.673 ms

Errors for Fd1d<double>::solve
       RMSE : 6.741e-04
      RRMSE : 4.772e-05
        MAE : 5.431e-03
        MRE : 7.516e-04
      total : 32768 options

Benchmark for Fd1d_Gpu<double>::solve
    funCall : 8 times
    totTime : 11525.261 ms
    avgTime : 1440.658 ms
    stdTime : 38.372 ms
    minTime : 1417.782 ms
    maxTime : 1538.861 ms

Errors for Fd1d_Gpu<double>::solve
       RMSE : 6.741e-04
      RRMSE : 4.772e-05
        MAE : 5.431e-03
        MRE : 7.516e-04
      total : 32768 options

