kwinto-cuda v0.2.0 (9530b61, 2023-09-04 11:01:42 +0200)

Command-Line Arguments
    --call: false
    --cpu32: true
    --cpu64: true
    --cuda-n: "8"
    --cuda-x: "128"
    --gpu32: true
    --gpu64: true
    --put: false
    --ql64: false
    -b: "256"
    -e: "0.5"
    -n: "8"
    -t: "512"
    -v: true
    -x: "512"
    <portfolio>: "test/portfolio.csv"
    bench: true

Devices Info #0
    Name:                 NVIDIA GeForce GTX 1070
    Integrated:           0

    Total SM:             15
    Clock Rate:           1771.5 MHz
    32-bit Regs (per SM): 65536
    Max Blocks (per SM):  32
    Max Threads (per SM): 2048

    Total Memory:         8112 MB
    Memory Clock Rate:    4004 MHz
    Memory Bus Width:     256 bits
    Peak Bandwidth:       256.256 GB/s

Portfolio
    Assets     : 154951
    Batch count: 8
    Batch size : 256

Benchmark for Fd1d<float>::solve
    funCall : 8 times
    totTime : 1892.922 ms
    avgTime : 236.615 ms
    stdTime : 6.532 ms
    minTime : 227.520 ms
    maxTime : 246.097 ms

Errors for Fd1d<float>::solve
       RMSE : 1.691e-03
      RRMSE : 4.785e-05
        MAE : 1.597e-02
        MRE : 3.950e-04
      total : 2048 options

Benchmark for Fd1d_Gpu<float>::solve
    funCall : 8 times
    totTime : 1860.705 ms
    avgTime : 232.588 ms
    stdTime : 2.336 ms
    minTime : 229.556 ms
    maxTime : 236.955 ms

Errors for Fd1d_Gpu<float>::solve
       RMSE : 8.762e-04
      RRMSE : 3.896e-05
        MAE : 6.844e-03
        MRE : 4.036e-04
      total : 2048 options

Benchmark for Fd1d<double>::solve
    funCall : 8 times
    totTime : 2025.166 ms
    avgTime : 253.146 ms
    stdTime : 4.116 ms
    minTime : 242.911 ms
    maxTime : 256.565 ms

Errors for Fd1d<double>::solve
       RMSE : 1.350e-04
      RRMSE : 4.214e-05
        MAE : 1.337e-03
        MRE : 4.342e-04
      total : 2048 options

Benchmark for Fd1d_Gpu<double>::solve
    funCall : 8 times
    totTime : 2934.017 ms
    avgTime : 366.752 ms
    stdTime : 1.608 ms
    minTime : 364.859 ms
    maxTime : 369.591 ms

Errors for Fd1d_Gpu<double>::solve
       RMSE : 1.350e-04
      RRMSE : 4.214e-05
        MAE : 1.337e-03
        MRE : 4.342e-04
      total : 2048 options

